<?xml version="1.0" encoding="UTF-8"?>
<coverage generated="1742423109469" clover="3.2.0">
  <project timestamp="1742423109469" name="All files">
    <metrics statements="15" coveredstatements="9" conditionals="4" coveredconditionals="2" methods="2" coveredmethods="0" elements="21" coveredelements="11" complexity="0" loc="15" ncloc="15" packages="1" files="1" classes="1"/>
    <file name="server.js" path="C:\Users\qwert\recipe-sharing1\server.js">
      <metrics statements="15" coveredstatements="9" conditionals="4" coveredconditionals="2" methods="2" coveredmethods="0"/>
      <line num="1" count="1" type="stmt"/>
      <line num="2" count="1" type="stmt"/>
      <line num="3" count="1" type="stmt"/>
      <line num="4" count="1" type="stmt"/>
      <line num="5" count="1" type="stmt"/>
      <line num="7" count="1" type="cond" truecount="2" falsecount="0"/>
      <line num="8" count="1" type="stmt"/>
      <line num="10" count="1" type="stmt"/>
      <line num="13" count="0" type="stmt"/>
      <line num="14" count="0" type="stmt"/>
      <line num="18" count="1" type="stmt"/>
      <line num="19" count="0" type="cond" truecount="0" falsecount="2"/>
      <line num="20" count="0" type="stmt"/>
      <line num="22" count="0" type="stmt"/>
      <line num="23" count="0" type="stmt"/>
    </file>
  </project>
</coverage>
